<?xml version="1.0" encoding="UTF-8"?>
<robot generator="Robot 3.0.4 (Python 3.6.0 on win32)" generated="20190209 21:12:02.405">
<suite id="s1" name="Gherkin" source="c:\robot\gherkin.robot">
<test id="s1-t1" name="Check bypass">
<kw name="Given ventilation is set to level 2" library="Futura">
<kw name="Write Formated Holding" library="JltModbusTcp">
<arguments>
<arg>func_ventilation</arg>
<arg>${level}</arg>
</arguments>
<msg timestamp="20190209 21:12:02.462" level="INFO">2 1</msg>
<status status="PASS" starttime="20190209 21:12:02.455" endtime="20190209 21:12:02.462"></status>
</kw>
<kw name="Wait For" library="PyKeywords">
<arguments>
<arg>10.0</arg>
</arguments>
<status status="PASS" starttime="20190209 21:12:02.462" endtime="20190209 21:12:12.462"></status>
</kw>
<status status="PASS" starttime="20190209 21:12:02.455" endtime="20190209 21:12:12.462"></status>
</kw>
<kw name="When bypass function is enabled" library="Futura">
<kw name="Run Keyword If" library="BuiltIn">
<doc>Runs the given keyword with the given arguments, if ``condition`` is true.</doc>
<arguments>
<arg>'${enable}' == 'enabled'</arg>
<arg>writeFormatedHolding</arg>
<arg>cfg_bypass_enable</arg>
<arg>1</arg>
</arguments>
<kw name="Write Formated Holding" library="JltModbusTcp">
<arguments>
<arg>cfg_bypass_enable</arg>
<arg>1</arg>
</arguments>
<msg timestamp="20190209 21:12:12.481" level="INFO">1 1</msg>
<status status="PASS" starttime="20190209 21:12:12.466" endtime="20190209 21:12:12.481"></status>
</kw>
<status status="PASS" starttime="20190209 21:12:12.465" endtime="20190209 21:12:12.482"></status>
</kw>
<kw name="Run Keyword If" library="BuiltIn">
<doc>Runs the given keyword with the given arguments, if ``condition`` is true.</doc>
<arguments>
<arg>'${enable}' == 'disabled'</arg>
<arg>writeFormatedHolding</arg>
<arg>cfg_bypass_enable</arg>
<arg>0</arg>
</arguments>
<status status="PASS" starttime="20190209 21:12:12.482" endtime="20190209 21:12:12.483"></status>
</kw>
<kw name="wait for 40 seconds" library="Futura">
<kw name="Wait For" library="PyKeywords">
<arguments>
<arg>${time}</arg>
</arguments>
<status status="PASS" starttime="20190209 21:12:12.484" endtime="20190209 21:12:52.485"></status>
</kw>
<status status="PASS" starttime="20190209 21:12:12.483" endtime="20190209 21:12:52.485"></status>
</kw>
<status status="PASS" starttime="20190209 21:12:12.464" endtime="20190209 21:12:52.485"></status>
</kw>
<kw name="Then temperature ambient and fresh differs by up to 2.0 degree" library="Futura">
<kw name="Read Formated Input" library="JltModbusTcp">
<arguments>
<arg>fut_temp_${value1}</arg>
</arguments>
<assign>
<var>${temp1}</var>
</assign>
<msg timestamp="20190209 21:12:52.500" level="INFO">${temp1} = 19.7</msg>
<status status="PASS" starttime="20190209 21:12:52.486" endtime="20190209 21:12:52.500"></status>
</kw>
<kw name="Read Formated Input" library="JltModbusTcp">
<arguments>
<arg>fut_temp_${value2}</arg>
</arguments>
<assign>
<var>${temp2}</var>
</assign>
<msg timestamp="20190209 21:12:52.515" level="INFO">${temp2} = 21.0</msg>
<status status="PASS" starttime="20190209 21:12:52.500" endtime="20190209 21:12:52.515"></status>
</kw>
<kw name="Log" library="BuiltIn">
<doc>Logs the given message with the given level.</doc>
<arguments>
<arg>${temp1}</arg>
</arguments>
<msg timestamp="20190209 21:12:52.515" level="INFO">19.7</msg>
<status status="PASS" starttime="20190209 21:12:52.515" endtime="20190209 21:12:52.515"></status>
</kw>
<kw name="Log" library="BuiltIn">
<doc>Logs the given message with the given level.</doc>
<arguments>
<arg>${temp2}</arg>
</arguments>
<msg timestamp="20190209 21:12:52.516" level="INFO">21.0</msg>
<status status="PASS" starttime="20190209 21:12:52.515" endtime="20190209 21:12:52.516"></status>
</kw>
<kw name="Log" library="BuiltIn">
<doc>Logs the given message with the given level.</doc>
<arguments>
<arg>${diff}</arg>
</arguments>
<msg timestamp="20190209 21:12:52.516" level="INFO">2.0</msg>
<status status="PASS" starttime="20190209 21:12:52.516" endtime="20190209 21:12:52.516"></status>
</kw>
<kw name="Values Differs By" library="PyKeywords">
<arguments>
<arg>${temp1}</arg>
<arg>${temp2}</arg>
<arg>${diff}</arg>
</arguments>
<status status="PASS" starttime="20190209 21:12:52.516" endtime="20190209 21:12:52.517"></status>
</kw>
<status status="PASS" starttime="20190209 21:12:52.486" endtime="20190209 21:12:52.517"></status>
</kw>
<kw name="And bypass function is disabled" library="Futura">
<kw name="Run Keyword If" library="BuiltIn">
<doc>Runs the given keyword with the given arguments, if ``condition`` is true.</doc>
<arguments>
<arg>'${enable}' == 'enabled'</arg>
<arg>writeFormatedHolding</arg>
<arg>cfg_bypass_enable</arg>
<arg>1</arg>
</arguments>
<status status="PASS" starttime="20190209 21:12:52.518" endtime="20190209 21:12:52.518"></status>
</kw>
<kw name="Run Keyword If" library="BuiltIn">
<doc>Runs the given keyword with the given arguments, if ``condition`` is true.</doc>
<arguments>
<arg>'${enable}' == 'disabled'</arg>
<arg>writeFormatedHolding</arg>
<arg>cfg_bypass_enable</arg>
<arg>0</arg>
</arguments>
<kw name="Write Formated Holding" library="JltModbusTcp">
<arguments>
<arg>cfg_bypass_enable</arg>
<arg>0</arg>
</arguments>
<msg timestamp="20190209 21:12:52.532" level="INFO">0 1</msg>
<status status="PASS" starttime="20190209 21:12:52.518" endtime="20190209 21:12:52.532"></status>
</kw>
<status status="PASS" starttime="20190209 21:12:52.518" endtime="20190209 21:12:52.532"></status>
</kw>
<kw name="wait for 40 seconds" library="Futura">
<kw name="Wait For" library="PyKeywords">
<arguments>
<arg>${time}</arg>
</arguments>
<status status="PASS" starttime="20190209 21:12:52.533" endtime="20190209 21:13:32.534"></status>
</kw>
<status status="PASS" starttime="20190209 21:12:52.532" endtime="20190209 21:13:32.535"></status>
</kw>
<status status="PASS" starttime="20190209 21:12:52.517" endtime="20190209 21:13:32.535"></status>
</kw>
<status status="PASS" starttime="20190209 21:12:02.454" endtime="20190209 21:13:32.536" critical="yes"></status>
</test>
<test id="s1-t2" name="Check boost">
<kw name="Given ventilation is set to level 1" library="Futura">
<kw name="Write Formated Holding" library="JltModbusTcp">
<arguments>
<arg>func_ventilation</arg>
<arg>${level}</arg>
</arguments>
<msg timestamp="20190209 21:13:32.557" level="INFO">1 1</msg>
<status status="PASS" starttime="20190209 21:13:32.542" endtime="20190209 21:13:32.557"></status>
</kw>
<kw name="Wait For" library="PyKeywords">
<arguments>
<arg>10.0</arg>
</arguments>
<status status="PASS" starttime="20190209 21:13:32.557" endtime="20190209 21:13:42.558"></status>
</kw>
<status status="PASS" starttime="20190209 21:13:32.540" endtime="20190209 21:13:42.558"></status>
</kw>
<kw name="When boost function has been started for 20 seconds" library="Futura">
<kw name="Write Formated Holding" library="JltModbusTcp">
<arguments>
<arg>func_boost_tm</arg>
<arg>${seconds}</arg>
</arguments>
<msg timestamp="20190209 21:13:42.574" level="INFO">20 1</msg>
<status status="PASS" starttime="20190209 21:13:42.559" endtime="20190209 21:13:42.574"></status>
</kw>
<kw name="Wait For" library="PyKeywords">
<arguments>
<arg>15.0</arg>
</arguments>
<status status="PASS" starttime="20190209 21:13:42.574" endtime="20190209 21:13:57.575"></status>
</kw>
<status status="PASS" starttime="20190209 21:13:42.559" endtime="20190209 21:13:57.575"></status>
</kw>
<kw name="Then fan speed is between 1900 and 2100 rpm" library="Futura">
<kw name="Read Formated Holding" library="JltModbusTcp">
<arguments>
<arg>fut_fan_rpm_supply</arg>
</arguments>
<assign>
<var>${supplyRpm}</var>
</assign>
<msg timestamp="20190209 21:13:57.595" level="INFO">${supplyRpm} = 1854</msg>
<status status="PASS" starttime="20190209 21:13:57.578" endtime="20190209 21:13:57.595"></status>
</kw>
<kw name="Read Formated Holding" library="JltModbusTcp">
<arguments>
<arg>fut_fan_rpm_exhaust</arg>
</arguments>
<assign>
<var>${exhaustRpm}</var>
</assign>
<msg timestamp="20190209 21:13:57.613" level="INFO">${exhaustRpm} = 2007</msg>
<status status="PASS" starttime="20190209 21:13:57.596" endtime="20190209 21:13:57.613"></status>
</kw>
<kw name="Evaluate" library="BuiltIn">
<doc>Evaluates the given expression in Python and returns the results.</doc>
<arguments>
<arg>(${supplyRpm} + ${exhaustRpm}) / ${2}</arg>
</arguments>
<assign>
<var>${currentRrmp}</var>
</assign>
<msg timestamp="20190209 21:13:57.615" level="INFO">${currentRrmp} = 1930.5</msg>
<status status="PASS" starttime="20190209 21:13:57.614" endtime="20190209 21:13:57.615"></status>
</kw>
<kw name="Log" library="BuiltIn">
<doc>Logs the given message with the given level.</doc>
<arguments>
<arg>${currentRrmp}</arg>
</arguments>
<msg timestamp="20190209 21:13:57.616" level="INFO">1930.5</msg>
<status status="PASS" starttime="20190209 21:13:57.615" endtime="20190209 21:13:57.616"></status>
</kw>
<kw name="Is Between" library="PyKeywords">
<arguments>
<arg>${currentRrmp}</arg>
<arg>${low}</arg>
<arg>${high}</arg>
</arguments>
<status status="PASS" starttime="20190209 21:13:57.616" endtime="20190209 21:13:57.617"></status>
</kw>
<status status="PASS" starttime="20190209 21:13:57.577" endtime="20190209 21:13:57.617"></status>
</kw>
<kw name="And wait for 10 seconds" library="Futura">
<kw name="Wait For" library="PyKeywords">
<arguments>
<arg>${time}</arg>
</arguments>
<status status="PASS" starttime="20190209 21:13:57.619" endtime="20190209 21:14:07.620"></status>
</kw>
<status status="PASS" starttime="20190209 21:13:57.618" endtime="20190209 21:14:07.621"></status>
</kw>
<status status="PASS" starttime="20190209 21:13:32.540" endtime="20190209 21:14:07.622" critical="yes"></status>
</test>
<test id="s1-t3" name="Check circulation">
<kw name="Given ventilation is set to level 2" library="Futura">
<kw name="Write Formated Holding" library="JltModbusTcp">
<arguments>
<arg>func_ventilation</arg>
<arg>${level}</arg>
</arguments>
<msg timestamp="20190209 21:14:07.643" level="INFO">2 1</msg>
<status status="PASS" starttime="20190209 21:14:07.628" endtime="20190209 21:14:07.643"></status>
</kw>
<kw name="Wait For" library="PyKeywords">
<arguments>
<arg>10.0</arg>
</arguments>
<status status="PASS" starttime="20190209 21:14:07.643" endtime="20190209 21:14:17.643"></status>
</kw>
<status status="PASS" starttime="20190209 21:14:07.627" endtime="20190209 21:14:17.643"></status>
</kw>
<kw name="When circulation function is started for 25 seconds" library="Futura">
<kw name="Write Formated Holding" library="JltModbusTcp">
<arguments>
<arg>func_circulation_tm</arg>
<arg>${seconds}</arg>
</arguments>
<msg timestamp="20190209 21:14:17.661" level="INFO">25 1</msg>
<status status="PASS" starttime="20190209 21:14:17.646" endtime="20190209 21:14:17.662"></status>
</kw>
<kw name="Wait For" library="PyKeywords">
<arguments>
<arg>20.0</arg>
</arguments>
<status status="PASS" starttime="20190209 21:14:17.662" endtime="20190209 21:14:37.662"></status>
</kw>
<status status="PASS" starttime="20190209 21:14:17.645" endtime="20190209 21:14:37.663"></status>
</kw>
<kw name="Then temperature ambient and waste differs by up to 0.5 degree" library="Futura">
<kw name="Read Formated Input" library="JltModbusTcp">
<arguments>
<arg>fut_temp_${value1}</arg>
</arguments>
<assign>
<var>${temp1}</var>
</assign>
<msg timestamp="20190209 21:14:37.684" level="INFO">${temp1} = 19.8</msg>
<status status="PASS" starttime="20190209 21:14:37.666" endtime="20190209 21:14:37.684"></status>
</kw>
<kw name="Read Formated Input" library="JltModbusTcp">
<arguments>
<arg>fut_temp_${value2}</arg>
</arguments>
<assign>
<var>${temp2}</var>
</assign>
<msg timestamp="20190209 21:14:37.691" level="INFO">${temp2} = 19.9</msg>
<status status="PASS" starttime="20190209 21:14:37.685" endtime="20190209 21:14:37.692"></status>
</kw>
<kw name="Log" library="BuiltIn">
<doc>Logs the given message with the given level.</doc>
<arguments>
<arg>${temp1}</arg>
</arguments>
<msg timestamp="20190209 21:14:37.693" level="INFO">19.8</msg>
<status status="PASS" starttime="20190209 21:14:37.692" endtime="20190209 21:14:37.693"></status>
</kw>
<kw name="Log" library="BuiltIn">
<doc>Logs the given message with the given level.</doc>
<arguments>
<arg>${temp2}</arg>
</arguments>
<msg timestamp="20190209 21:14:37.694" level="INFO">19.9</msg>
<status status="PASS" starttime="20190209 21:14:37.694" endtime="20190209 21:14:37.695"></status>
</kw>
<kw name="Log" library="BuiltIn">
<doc>Logs the given message with the given level.</doc>
<arguments>
<arg>${diff}</arg>
</arguments>
<msg timestamp="20190209 21:14:37.696" level="INFO">0.5</msg>
<status status="PASS" starttime="20190209 21:14:37.695" endtime="20190209 21:14:37.696"></status>
</kw>
<kw name="Values Differs By" library="PyKeywords">
<arguments>
<arg>${temp1}</arg>
<arg>${temp2}</arg>
<arg>${diff}</arg>
</arguments>
<status status="PASS" starttime="20190209 21:14:37.697" endtime="20190209 21:14:37.697"></status>
</kw>
<status status="PASS" starttime="20190209 21:14:37.665" endtime="20190209 21:14:37.697"></status>
</kw>
<status status="PASS" starttime="20190209 21:14:07.625" endtime="20190209 21:14:37.698" critical="yes"></status>
</test>
<test id="s1-t4" name="Check overpreasure">
<kw name="Given ventilation is set to level 5" library="Futura">
<kw name="Write Formated Holding" library="JltModbusTcp">
<arguments>
<arg>func_ventilation</arg>
<arg>${level}</arg>
</arguments>
<msg timestamp="20190209 21:14:37.716" level="INFO">5 1</msg>
<status status="PASS" starttime="20190209 21:14:37.702" endtime="20190209 21:14:37.717"></status>
</kw>
<kw name="Wait For" library="PyKeywords">
<arguments>
<arg>10.0</arg>
</arguments>
<status status="PASS" starttime="20190209 21:14:37.717" endtime="20190209 21:14:47.718"></status>
</kw>
<status status="PASS" starttime="20190209 21:14:37.702" endtime="20190209 21:14:47.718"></status>
</kw>
<kw name="When overpreasure function is enabled for 15 seconds" library="Futura">
<kw name="Run Keyword If" library="BuiltIn">
<doc>Runs the given keyword with the given arguments, if ``condition`` is true.</doc>
<arguments>
<arg>'${enable}' == 'enabled'</arg>
<arg>start overpreasure for ${seconds} seconds</arg>
</arguments>
<kw name="start overpreasure for 15 seconds" library="Futura">
<kw name="Write Formated Holding" library="JltModbusTcp">
<arguments>
<arg>func_overpressure_tm</arg>
<arg>${seconds}</arg>
</arguments>
<msg timestamp="20190209 21:14:47.725" level="INFO">15 1</msg>
<status status="PASS" starttime="20190209 21:14:47.721" endtime="20190209 21:14:47.725"></status>
</kw>
<kw name="Wait For" library="PyKeywords">
<arguments>
<arg>10.0</arg>
</arguments>
<status status="PASS" starttime="20190209 21:14:47.725" endtime="20190209 21:14:57.726"></status>
</kw>
<status status="PASS" starttime="20190209 21:14:47.720" endtime="20190209 21:14:57.726"></status>
</kw>
<status status="PASS" starttime="20190209 21:14:47.719" endtime="20190209 21:14:57.727"></status>
</kw>
<kw name="Run Keyword If" library="BuiltIn">
<doc>Runs the given keyword with the given arguments, if ``condition`` is true.</doc>
<arguments>
<arg>'${enable}' == 'disabled'</arg>
<arg>start overpreasure for 0 seconds</arg>
</arguments>
<status status="PASS" starttime="20190209 21:14:57.727" endtime="20190209 21:14:57.728"></status>
</kw>
<status status="PASS" starttime="20190209 21:14:47.719" endtime="20190209 21:14:57.728"></status>
</kw>
<kw name="Then fan pwm supply is 1.1 times greater than exhaust" library="Futura">
<kw name="Read Formated Holding" library="JltModbusTcp">
<arguments>
<arg>fut_fan_pwm_${value1}</arg>
</arguments>
<assign>
<var>${pwm1}</var>
</assign>
<msg timestamp="20190209 21:14:57.736" level="INFO">${pwm1} = 72</msg>
<status status="PASS" starttime="20190209 21:14:57.731" endtime="20190209 21:14:57.736"></status>
</kw>
<kw name="Read Formated Holding" library="JltModbusTcp">
<arguments>
<arg>fut_fan_pwm_${value2}</arg>
</arguments>
<assign>
<var>${pwm2}</var>
</assign>
<msg timestamp="20190209 21:14:57.753" level="INFO">${pwm2} = 65</msg>
<status status="PASS" starttime="20190209 21:14:57.737" endtime="20190209 21:14:57.753"></status>
</kw>
<kw name="Is Greater Than Times" library="PyKeywords">
<arguments>
<arg>${pwm2}</arg>
<arg>${pwm1}</arg>
<arg>${mul}</arg>
</arguments>
<status status="PASS" starttime="20190209 21:14:57.753" endtime="20190209 21:14:57.754"></status>
</kw>
<status status="PASS" starttime="20190209 21:14:57.730" endtime="20190209 21:14:57.754"></status>
</kw>
<kw name="And wait for 10 seconds" library="Futura">
<kw name="Wait For" library="PyKeywords">
<arguments>
<arg>${time}</arg>
</arguments>
<status status="PASS" starttime="20190209 21:14:57.756" endtime="20190209 21:15:07.757"></status>
</kw>
<status status="PASS" starttime="20190209 21:14:57.756" endtime="20190209 21:15:07.757"></status>
</kw>
<status status="PASS" starttime="20190209 21:14:37.700" endtime="20190209 21:15:07.757" critical="yes"></status>
</test>
<test id="s1-t5" name="Check heating power">
<kw name="Given indoor temperature is bellow setpoint by 3.5 degree" library="Futura">
<kw name="Read Formated Input" library="JltModbusTcp">
<arguments>
<arg>fut_temp_indoor</arg>
</arguments>
<assign>
<var>${indoorTemp}</var>
</assign>
<msg timestamp="20190209 21:15:07.764" level="INFO">${indoorTemp} = 20.1</msg>
<status status="PASS" starttime="20190209 21:15:07.760" endtime="20190209 21:15:07.764"></status>
</kw>
<kw name="Write Formated Holding" library="JltModbusTcp">
<arguments>
<arg>cfg_temp_set</arg>
<arg>${indoorTemp} + ${offset}</arg>
</arguments>
<msg timestamp="20190209 21:15:07.767" level="INFO">236 1</msg>
<status status="PASS" starttime="20190209 21:15:07.764" endtime="20190209 21:15:07.767"></status>
</kw>
<status status="PASS" starttime="20190209 21:15:07.760" endtime="20190209 21:15:07.768"></status>
</kw>
<kw name="When ventilation is set to level 2" library="Futura">
<kw name="Write Formated Holding" library="JltModbusTcp">
<arguments>
<arg>func_ventilation</arg>
<arg>${level}</arg>
</arguments>
<msg timestamp="20190209 21:15:07.782" level="INFO">2 1</msg>
<status status="PASS" starttime="20190209 21:15:07.769" endtime="20190209 21:15:07.782"></status>
</kw>
<kw name="Wait For" library="PyKeywords">
<arguments>
<arg>10.0</arg>
</arguments>
<status status="PASS" starttime="20190209 21:15:07.782" endtime="20190209 21:15:17.784"></status>
</kw>
<status status="PASS" starttime="20190209 21:15:07.768" endtime="20190209 21:15:17.785"></status>
</kw>
<kw name="And heating function is enabled" library="Futura">
<kw name="Run Keyword If" library="BuiltIn">
<doc>Runs the given keyword with the given arguments, if ``condition`` is true.</doc>
<arguments>
<arg>'${enable}' == 'enabled'</arg>
<arg>writeFormatedHolding</arg>
<arg>cfg_heating_enable</arg>
<arg>1</arg>
</arguments>
<kw name="Write Formated Holding" library="JltModbusTcp">
<arguments>
<arg>cfg_heating_enable</arg>
<arg>1</arg>
</arguments>
<msg timestamp="20190209 21:15:17.805" level="INFO">1 1</msg>
<status status="PASS" starttime="20190209 21:15:17.788" endtime="20190209 21:15:17.805"></status>
</kw>
<status status="PASS" starttime="20190209 21:15:17.787" endtime="20190209 21:15:17.805"></status>
</kw>
<kw name="Run Keyword If" library="BuiltIn">
<doc>Runs the given keyword with the given arguments, if ``condition`` is true.</doc>
<arguments>
<arg>'${enable}' == 'disabled'</arg>
<arg>writeFormatedHolding</arg>
<arg>cfg_heating_enable</arg>
<arg>0</arg>
</arguments>
<status status="PASS" starttime="20190209 21:15:17.806" endtime="20190209 21:15:17.807"></status>
</kw>
<kw name="Wait For" library="PyKeywords">
<arguments>
<arg>30.0</arg>
</arguments>
<status status="PASS" starttime="20190209 21:15:17.807" endtime="20190209 21:15:47.808"></status>
</kw>
<status status="PASS" starttime="20190209 21:15:17.786" endtime="20190209 21:15:47.809"></status>
</kw>
<kw name="Then heating power is 350 watts" library="Futura">
<kw name="current heating power" library="Futura">
<assign>
<var>${heatPower}</var>
</assign>
<kw name="Read Formated Input" library="JltModbusTcp">
<arguments>
<arg>fut_heating_power</arg>
</arguments>
<assign>
<var>${heatingPower}</var>
</assign>
<msg timestamp="20190209 21:15:47.830" level="INFO">${heatingPower} = 350</msg>
<status status="PASS" starttime="20190209 21:15:47.812" endtime="20190209 21:15:47.830"></status>
</kw>
<kw name="Log" library="BuiltIn">
<doc>Logs the given message with the given level.</doc>
<arguments>
<arg>${heatingPower}</arg>
</arguments>
<msg timestamp="20190209 21:15:47.831" level="INFO">350</msg>
<status status="PASS" starttime="20190209 21:15:47.830" endtime="20190209 21:15:47.831"></status>
</kw>
<msg timestamp="20190209 21:15:47.832" level="INFO">${heatPower} = 350</msg>
<status status="PASS" starttime="20190209 21:15:47.811" endtime="20190209 21:15:47.832"></status>
</kw>
<kw name="Is Equal To" library="PyKeywords">
<arguments>
<arg>${heatPower}</arg>
<arg>${power}</arg>
</arguments>
<status status="PASS" starttime="20190209 21:15:47.833" endtime="20190209 21:15:47.834"></status>
</kw>
<status status="PASS" starttime="20190209 21:15:47.810" endtime="20190209 21:15:47.834"></status>
</kw>
<kw name="And heating function is disabled" library="Futura">
<kw name="Run Keyword If" library="BuiltIn">
<doc>Runs the given keyword with the given arguments, if ``condition`` is true.</doc>
<arguments>
<arg>'${enable}' == 'enabled'</arg>
<arg>writeFormatedHolding</arg>
<arg>cfg_heating_enable</arg>
<arg>1</arg>
</arguments>
<status status="PASS" starttime="20190209 21:15:47.837" endtime="20190209 21:15:47.838"></status>
</kw>
<kw name="Run Keyword If" library="BuiltIn">
<doc>Runs the given keyword with the given arguments, if ``condition`` is true.</doc>
<arguments>
<arg>'${enable}' == 'disabled'</arg>
<arg>writeFormatedHolding</arg>
<arg>cfg_heating_enable</arg>
<arg>0</arg>
</arguments>
<kw name="Write Formated Holding" library="JltModbusTcp">
<arguments>
<arg>cfg_heating_enable</arg>
<arg>0</arg>
</arguments>
<msg timestamp="20190209 21:15:47.855" level="INFO">0 1</msg>
<status status="PASS" starttime="20190209 21:15:47.839" endtime="20190209 21:15:47.855"></status>
</kw>
<status status="PASS" starttime="20190209 21:15:47.838" endtime="20190209 21:15:47.855"></status>
</kw>
<kw name="Wait For" library="PyKeywords">
<arguments>
<arg>30.0</arg>
</arguments>
<status status="PASS" starttime="20190209 21:15:47.855" endtime="20190209 21:16:17.856"></status>
</kw>
<status status="PASS" starttime="20190209 21:15:47.836" endtime="20190209 21:16:17.857"></status>
</kw>
<status status="PASS" starttime="20190209 21:15:07.759" endtime="20190209 21:16:17.858" critical="yes"></status>
</test>
<doc>Example test case using the gherkin syntax.</doc>
<status status="PASS" starttime="20190209 21:12:02.406" endtime="20190209 21:16:17.864"></status>
</suite>
<statistics>
<total>
<stat pass="5" fail="0">Critical Tests</stat>
<stat pass="5" fail="0">All Tests</stat>
</total>
<tag>
</tag>
<suite>
<stat pass="5" fail="0" id="s1" name="Gherkin">Gherkin</stat>
</suite>
</statistics>
<errors>
</errors>
</robot>
